# JRE version: OpenJDK Runtime Environment Temurin-21.0.7+6 (21.0.7+6) (build 21.0.7+6-LTS)
# Java VM: OpenJDK 64-Bit Server VM Temurin-21.0.7+6 (21.0.7+6-LTS, mixed mode, sharing, tiered, compressed oops, compressed class ptrs, parallel gc, windows-amd64)
GC Precious Log:
 CardTable entry size: 512
 CPUs: 4 total, 4 available
 Memory: 3520M
 Large Page Support: Disabled
 NUMA Support: Disabled
 Compressed Oops: Enabled (32-bit)
 Alignments: Space 512K, Generation 512K, Heap 2M
 Heap Min Capacity: 100M
 Heap Initial Capacity: 100M
 Heap Max Capacity: 1G
 Pre-touch: Disabled
 Parallel Workers: 4
Heap:
 PSYoungGen      total 16896K, used 15448K [0x00000000eab00000, 0x00000000ebe80000, 0x0000000100000000)
  eden space 13824K, 89% used [0x00000000eab00000,0x00000000eb718178,0x00000000eb880000)
  from space 3072K, 99% used [0x00000000ebb80000,0x00000000ebe7e068,0x00000000ebe80000)
  to   space 3072K, 0% used [0x00000000eb880000,0x00000000eb880000,0x00000000ebb80000)
 ParOldGen       total 201216K, used 175770K [0x00000000c0000000, 0x00000000cc480000, 0x00000000eab00000)
  object space 201216K, 87% used [0x00000000c0000000,0x00000000caba69f8,0x00000000cc480000)
 Metaspace       used 64891K, committed 66560K, reserved 1114112K
  class space    used 6638K, committed 7360K, reserved 1048576K
GC Heap History (20 events):
Event: 59.946 GC heap before
{Heap before GC invocations=189 (full 3):
 PSYoungGen      total 15872K, used 15846K [0x00000000eab00000, 0x00000000ec280000, 0x0000000100000000)
  eden space 13824K, 100% used [0x00000000eab00000,0x00000000eb880000,0x00000000eb880000)
  from space 2048K, 98% used [0x00000000eb880000,0x00000000eba79800,0x00000000eba80000)
  to   space 5120K, 0% used [0x00000000ebd80000,0x00000000ebd80000,0x00000000ec280000)
 ParOldGen       total 181248K, used 180941K [0x00000000c0000000, 0x00000000cb100000, 0x00000000eab00000)
  object space 181248K, 99% used [0x00000000c0000000,0x00000000cb0b3640,0x00000000cb100000)
 Metaspace       used 64292K, committed 65920K, reserved 1114112K
  class space    used 6596K, committed 7296K, reserved 1048576K
}
Event: 59.956 GC heap after
{Heap after GC invocations=189 (full 3):
 PSYoungGen      total 16384K, used 2134K [0x00000000eab00000, 0x00000000ec000000, 0x0000000100000000)
  eden space 13824K, 0% used [0x00000000eab00000,0x00000000eab00000,0x00000000eb880000)
  from space 2560K, 83% used [0x00000000ebd80000,0x00000000ebf95a58,0x00000000ec000000)
  to   space 3072K, 0% used [0x00000000eba00000,0x00000000eba00000,0x00000000ebd00000)
 ParOldGen       total 183296K, used 182927K [0x00000000c0000000, 0x00000000cb300000, 0x00000000eab00000)
  object space 183296K, 99% used [0x00000000c0000000,0x00000000cb2a3c30,0x00000000cb300000)
 Metaspace       used 64292K, committed 65920K, reserved 1114112K
  class space    used 6596K, committed 7296K, reserved 1048576K
}
Event: 60.069 GC heap before
{Heap before GC invocations=190 (full 3):
 PSYoungGen      total 16384K, used 15958K [0x00000000eab00000, 0x00000000ec000000, 0x0000000100000000)
  eden space 13824K, 100% used [0x00000000eab00000,0x00000000eb880000,0x00000000eb880000)
  from space 2560K, 83% used [0x00000000ebd80000,0x00000000ebf95a58,0x00000000ec000000)
  to   space 3072K, 0% used [0x00000000eba00000,0x00000000eba00000,0x00000000ebd00000)
 ParOldGen       total 183296K, used 182927K [0x00000000c0000000, 0x00000000cb300000, 0x00000000eab00000)
  object space 183296K, 99% used [0x00000000c0000000,0x00000000cb2a3c30,0x00000000cb300000)
 Metaspace       used 64292K, committed 65920K, reserved 1114112K
  class space    used 6596K, committed 7296K, reserved 1048576K
}
Event: 60.076 GC heap after
{Heap after GC invocations=190 (full 3):
 PSYoungGen      total 15360K, used 1503K [0x00000000eab00000, 0x00000000ebe00000, 0x0000000100000000)
  eden space 13824K, 0% used [0x00000000eab00000,0x00000000eab00000,0x00000000eb880000)
  from space 1536K, 97% used [0x00000000eba00000,0x00000000ebb77f00,0x00000000ebb80000)
  to   space 2048K, 0% used [0x00000000ebc00000,0x00000000ebc00000,0x00000000ebe00000)
 ParOldGen       total 185344K, used 184912K [0x00000000c0000000, 0x00000000cb500000, 0x00000000eab00000)
  object space 185344K, 99% used [0x00000000c0000000,0x00000000cb494098,0x00000000cb500000)
 Metaspace       used 64292K, committed 65920K, reserved 1114112K
  class space    used 6596K, committed 7296K, reserved 1048576K
}
Event: 60.178 GC heap before
{Heap before GC invocations=191 (full 3):
 PSYoungGen      total 15360K, used 15327K [0x00000000eab00000, 0x00000000ebe00000, 0x0000000100000000)
  eden space 13824K, 100% used [0x00000000eab00000,0x00000000eb880000,0x00000000eb880000)
  from space 1536K, 97% used [0x00000000eba00000,0x00000000ebb77f00,0x00000000ebb80000)
  to   space 2048K, 0% used [0x00000000ebc00000,0x00000000ebc00000,0x00000000ebe00000)
 ParOldGen       total 185344K, used 184912K [0x00000000c0000000, 0x00000000cb500000, 0x00000000eab00000)
  object space 185344K, 99% used [0x00000000c0000000,0x00000000cb494098,0x00000000cb500000)
 Metaspace       used 64331K, committed 65920K, reserved 1114112K
  class space    used 6607K, committed 7296K, reserved 1048576K
}
Event: 60.185 GC heap after
{Heap after GC invocations=191 (full 3):
 PSYoungGen      total 15872K, used 1588K [0x00000000eab00000, 0x00000000ebe00000, 0x0000000100000000)
  eden space 13824K, 0% used [0x00000000eab00000,0x00000000eab00000,0x00000000eb880000)
  from space 2048K, 77% used [0x00000000ebc00000,0x00000000ebd8d3f0,0x00000000ebe00000)
  to   space 2048K, 0% used [0x00000000eba00000,0x00000000eba00000,0x00000000ebc00000)
 ParOldGen       total 186880K, used 186387K [0x00000000c0000000, 0x00000000cb680000, 0x00000000eab00000)
  object space 186880K, 99% used [0x00000000c0000000,0x00000000cb604d70,0x00000000cb680000)
 Metaspace       used 64331K, committed 65920K, reserved 1114112K
  class space    used 6607K, committed 7296K, reserved 1048576K
}
Event: 60.286 GC heap before
{Heap before GC invocations=192 (full 3):
 PSYoungGen      total 15872K, used 15412K [0x00000000eab00000, 0x00000000ebe00000, 0x0000000100000000)
  eden space 13824K, 100% used [0x00000000eab00000,0x00000000eb880000,0x00000000eb880000)
  from space 2048K, 77% used [0x00000000ebc00000,0x00000000ebd8d3f0,0x00000000ebe00000)
  to   space 2048K, 0% used [0x00000000eba00000,0x00000000eba00000,0x00000000ebc00000)
 ParOldGen       total 186880K, used 186387K [0x00000000c0000000, 0x00000000cb680000, 0x00000000eab00000)
  object space 186880K, 99% used [0x00000000c0000000,0x00000000cb604d70,0x00000000cb680000)
 Metaspace       used 64475K, committed 66048K, reserved 1114112K
  class space    used 6619K, committed 7296K, reserved 1048576K
}
Event: 60.292 GC heap after
{Heap after GC invocations=192 (full 3):
 PSYoungGen      total 15872K, used 2040K [0x00000000eab00000, 0x00000000ec280000, 0x0000000100000000)
  eden space 13824K, 0% used [0x00000000eab00000,0x00000000eab00000,0x00000000eb880000)
  from space 2048K, 99% used [0x00000000eba00000,0x00000000ebbfe2e8,0x00000000ebc00000)
  to   space 5120K, 0% used [0x00000000ebd80000,0x00000000ebd80000,0x00000000ec280000)
 ParOldGen       total 188928K, used 188808K [0x00000000c0000000, 0x00000000cb880000, 0x00000000eab00000)
  object space 188928K, 99% used [0x00000000c0000000,0x00000000cb862100,0x00000000cb880000)
 Metaspace       used 64475K, committed 66048K, reserved 1114112K
  class space    used 6619K, committed 7296K, reserved 1048576K
}
Event: 60.407 GC heap before
{Heap before GC invocations=193 (full 3):
 PSYoungGen      total 15872K, used 15864K [0x00000000eab00000, 0x00000000ec280000, 0x0000000100000000)
  eden space 13824K, 100% used [0x00000000eab00000,0x00000000eb880000,0x00000000eb880000)
  from space 2048K, 99% used [0x00000000eba00000,0x00000000ebbfe2e8,0x00000000ebc00000)
  to   space 5120K, 0% used [0x00000000ebd80000,0x00000000ebd80000,0x00000000ec280000)
 ParOldGen       total 188928K, used 188808K [0x00000000c0000000, 0x00000000cb880000, 0x00000000eab00000)
  object space 188928K, 99% used [0x00000000c0000000,0x00000000cb862100,0x00000000cb880000)
 Metaspace       used 64560K, committed 66112K, reserved 1114112K
  class space    used 6626K, committed 7296K, reserved 1048576K
}
Event: 60.486 GC heap after
{Heap after GC invocations=193 (full 3):
 PSYoungGen      total 15872K, used 15864K [0x00000000eab00000, 0x00000000ec280000, 0x0000000100000000)
  eden space 13824K, 100% used [0x00000000eab00000,0x00000000eb880000,0x00000000eb880000)
  from space 2048K, 99% used [0x00000000eba00000,0x00000000ebbfe2e8,0x00000000ebc00000)
  to   space 5120K, 58% used [0x00000000ebd80000,0x00000000ec06bad8,0x00000000ec280000)
 ParOldGen       total 190464K, used 190459K [0x00000000c0000000, 0x00000000cba00000, 0x00000000eab00000)
  object space 190464K, 99% used [0x00000000c0000000,0x00000000cb9feda8,0x00000000cba00000)
 Metaspace       used 64560K, committed 66112K, reserved 1114112K
  class space    used 6626K, committed 7296K, reserved 1048576K
}
Event: 60.486 GC heap before
{Heap before GC invocations=194 (full 4):
 PSYoungGen      total 15872K, used 15864K [0x00000000eab00000, 0x00000000ec280000, 0x0000000100000000)
  eden space 13824K, 100% used [0x00000000eab00000,0x00000000eb880000,0x00000000eb880000)
  from space 2048K, 99% used [0x00000000eba00000,0x00000000ebbfe2e8,0x00000000ebc00000)
  to   space 5120K, 58% used [0x00000000ebd80000,0x00000000ec06bad8,0x00000000ec280000)
 ParOldGen       total 190464K, used 190459K [0x00000000c0000000, 0x00000000cba00000, 0x00000000eab00000)
  object space 190464K, 99% used [0x00000000c0000000,0x00000000cb9feda8,0x00000000cba00000)
 Metaspace       used 64560K, committed 66112K, reserved 1114112K
  class space    used 6626K, committed 7296K, reserved 1048576K
}
Event: 61.382 GC heap after
{Heap after GC invocations=194 (full 4):
 PSYoungGen      total 18944K, used 0K [0x00000000eab00000, 0x00000000ec500000, 0x0000000100000000)
  eden space 13824K, 0% used [0x00000000eab00000,0x00000000eab00000,0x00000000eb880000)
  from space 5120K, 0% used [0x00000000ebd80000,0x00000000ebd80000,0x00000000ec280000)
  to   space 5120K, 0% used [0x00000000eb880000,0x00000000eb880000,0x00000000ebd80000)
 ParOldGen       total 201216K, used 167560K [0x00000000c0000000, 0x00000000cc480000, 0x00000000eab00000)
  object space 201216K, 83% used [0x00000000c0000000,0x00000000ca3a22c0,0x00000000cc480000)
 Metaspace       used 64558K, committed 66112K, reserved 1114112K
  class space    used 6625K, committed 7296K, reserved 1048576K
}
Event: 61.451 GC heap before
{Heap before GC invocations=195 (full 4):
 PSYoungGen      total 18944K, used 13824K [0x00000000eab00000, 0x00000000ec500000, 0x0000000100000000)
  eden space 13824K, 100% used [0x00000000eab00000,0x00000000eb880000,0x00000000eb880000)
  from space 5120K, 0% used [0x00000000ebd80000,0x00000000ebd80000,0x00000000ec280000)
  to   space 5120K, 0% used [0x00000000eb880000,0x00000000eb880000,0x00000000ebd80000)
 ParOldGen       total 201216K, used 167560K [0x00000000c0000000, 0x00000000cc480000, 0x00000000eab00000)
  object space 201216K, 83% used [0x00000000c0000000,0x00000000ca3a22c0,0x00000000cc480000)
 Metaspace       used 64588K, committed 66240K, reserved 1114112K
  class space    used 6631K, committed 7360K, reserved 1048576K
}
Event: 61.455 GC heap after
{Heap after GC invocations=195 (full 4):
 PSYoungGen      total 16896K, used 2720K [0x00000000eab00000, 0x00000000ebf80000, 0x0000000100000000)
  eden space 13824K, 0% used [0x00000000eab00000,0x00000000eab00000,0x00000000eb880000)
  from space 3072K, 88% used [0x00000000eb880000,0x00000000ebb28328,0x00000000ebb80000)
  to   space 3584K, 0% used [0x00000000ebc00000,0x00000000ebc00000,0x00000000ebf80000)
 ParOldGen       total 201216K, used 167568K [0x00000000c0000000, 0x00000000cc480000, 0x00000000eab00000)
  object space 201216K, 83% used [0x00000000c0000000,0x00000000ca3a42c0,0x00000000cc480000)
 Metaspace       used 64588K, committed 66240K, reserved 1114112K
  class space    used 6631K, committed 7360K, reserved 1048576K
}
Event: 61.546 GC heap before
{Heap before GC invocations=196 (full 4):
 PSYoungGen      total 16896K, used 16544K [0x00000000eab00000, 0x00000000ebf80000, 0x0000000100000000)
  eden space 13824K, 100% used [0x00000000eab00000,0x00000000eb880000,0x00000000eb880000)
  from space 3072K, 88% used [0x00000000eb880000,0x00000000ebb28328,0x00000000ebb80000)
  to   space 3584K, 0% used [0x00000000ebc00000,0x00000000ebc00000,0x00000000ebf80000)
 ParOldGen       total 201216K, used 167568K [0x00000000c0000000, 0x00000000cc480000, 0x00000000eab00000)
  object space 201216K, 83% used [0x00000000c0000000,0x00000000ca3a42c0,0x00000000cc480000)
 Metaspace       used 64653K, committed 66304K, reserved 1114112K
  class space    used 6632K, committed 7360K, reserved 1048576K
}
Event: 61.554 GC heap after
{Heap after GC invocations=196 (full 4):
 PSYoungGen      total 16896K, used 2969K [0x00000000eab00000, 0x00000000ebf00000, 0x0000000100000000)
  eden space 13824K, 0% used [0x00000000eab00000,0x00000000eab00000,0x00000000eb880000)
  from space 3072K, 96% used [0x00000000ebc00000,0x00000000ebee6558,0x00000000ebf00000)
  to   space 3072K, 0% used [0x00000000eb880000,0x00000000eb880000,0x00000000ebb80000)
 ParOldGen       total 201216K, used 170003K [0x00000000c0000000, 0x00000000cc480000, 0x00000000eab00000)
  object space 201216K, 84% used [0x00000000c0000000,0x00000000ca604d18,0x00000000cc480000)
 Metaspace       used 64653K, committed 66304K, reserved 1114112K
  class space    used 6632K, committed 7360K, reserved 1048576K
}
Event: 61.641 GC heap before
{Heap before GC invocations=197 (full 4):
 PSYoungGen      total 16896K, used 16793K [0x00000000eab00000, 0x00000000ebf00000, 0x0000000100000000)
  eden space 13824K, 100% used [0x00000000eab00000,0x00000000eb880000,0x00000000eb880000)
  from space 3072K, 96% used [0x00000000ebc00000,0x00000000ebee6558,0x00000000ebf00000)
  to   space 3072K, 0% used [0x00000000eb880000,0x00000000eb880000,0x00000000ebb80000)
 ParOldGen       total 201216K, used 170003K [0x00000000c0000000, 0x00000000cc480000, 0x00000000eab00000)
  object space 201216K, 84% used [0x00000000c0000000,0x00000000ca604d18,0x00000000cc480000)
 Metaspace       used 64722K, committed 66368K, reserved 1114112K
  class space    used 6634K, committed 7360K, reserved 1048576K
}
Event: 61.649 GC heap after
{Heap after GC invocations=197 (full 4):
 PSYoungGen      total 16896K, used 3014K [0x00000000eab00000, 0x00000000ebe80000, 0x0000000100000000)
  eden space 13824K, 0% used [0x00000000eab00000,0x00000000eab00000,0x00000000eb880000)
  from space 3072K, 98% used [0x00000000eb880000,0x00000000ebb71aa8,0x00000000ebb80000)
  to   space 3072K, 0% used [0x00000000ebb80000,0x00000000ebb80000,0x00000000ebe80000)
 ParOldGen       total 201216K, used 172899K [0x00000000c0000000, 0x00000000cc480000, 0x00000000eab00000)
  object space 201216K, 85% used [0x00000000c0000000,0x00000000ca8d8d48,0x00000000cc480000)
 Metaspace       used 64722K, committed 66368K, reserved 1114112K
  class space    used 6634K, committed 7360K, reserved 1048576K
}
Event: 61.746 GC heap before
{Heap before GC invocations=198 (full 4):
 PSYoungGen      total 16896K, used 16838K [0x00000000eab00000, 0x00000000ebe80000, 0x0000000100000000)
  eden space 13824K, 100% used [0x00000000eab00000,0x00000000eb880000,0x00000000eb880000)
  from space 3072K, 98% used [0x00000000eb880000,0x00000000ebb71aa8,0x00000000ebb80000)
  to   space 3072K, 0% used [0x00000000ebb80000,0x00000000ebb80000,0x00000000ebe80000)
 ParOldGen       total 201216K, used 172899K [0x00000000c0000000, 0x00000000cc480000, 0x00000000eab00000)
  object space 201216K, 85% used [0x00000000c0000000,0x00000000ca8d8d48,0x00000000cc480000)
 Metaspace       used 64835K, committed 66496K, reserved 1114112K
  class space    used 6638K, committed 7360K, reserved 1048576K
}
Event: 61.809 GC heap after
{Heap after GC invocations=198 (full 4):
 PSYoungGen      total 16896K, used 3064K [0x00000000eab00000, 0x00000000ebe80000, 0x0000000100000000)
  eden space 13824K, 0% used [0x00000000eab00000,0x00000000eab00000,0x00000000eb880000)
  from space 3072K, 99% used [0x00000000ebb80000,0x00000000ebe7e068,0x00000000ebe80000)
  to   space 3072K, 0% used [0x00000000eb880000,0x00000000eb880000,0x00000000ebb80000)
 ParOldGen       total 201216K, used 175770K [0x00000000c0000000, 0x00000000cc480000, 0x00000000eab00000)
  object space 201216K, 87% used [0x00000000c0000000,0x00000000caba69f8,0x00000000cc480000)
 Metaspace       used 64835K, committed 66496K, reserved 1114112K
  class space    used 6638K, committed 7360K, reserved 1048576K
}

