# JRE version: OpenJDK Runtime Environment Temurin-21.0.7+6 (21.0.7+6) (build 21.0.7+6-LTS)
# Java VM: OpenJDK 64-Bit Server VM Temurin-21.0.7+6 (21.0.7+6-LTS, mixed mode, sharing, tiered, compressed oops, compressed class ptrs, parallel gc, windows-amd64)
GC Precious Log:
 CardTable entry size: 512
 CPUs: 4 total, 4 available
 Memory: 3520M
 Large Page Support: Disabled
 NUMA Support: Disabled
 Compressed Oops: Enabled (32-bit)
 Alignments: Space 512K, Generation 512K, Heap 2M
 Heap Min Capacity: 100M
 Heap Initial Capacity: 100M
 Heap Max Capacity: 1G
 Pre-touch: Disabled
 Parallel Workers: 4
Heap:
 PSYoungGen      total 5120K, used 3807K [0x00000000eab00000, 0x00000000eb100000, 0x0000000100000000)
  eden space 4608K, 77% used [0x00000000eab00000,0x00000000eae7fc70,0x00000000eaf80000)
  from space 512K, 43% used [0x00000000eb080000,0x00000000eb0b8000,0x00000000eb100000)
  to   space 512K, 0% used [0x00000000eb000000,0x00000000eb000000,0x00000000eb080000)
 ParOldGen       total 525824K, used 525651K [0x00000000c0000000, 0x00000000e0180000, 0x00000000eab00000)
  object space 525824K, 99% used [0x00000000c0000000,0x00000000e0154fc8,0x00000000e0180000)
 Metaspace       used 94549K, committed 96192K, reserved 1179648K
  class space    used 9443K, committed 10176K, reserved 1048576K
GC Heap History (20 events):
Event: 5757.953 GC heap before
{Heap before GC invocations=2254 (full 6):
 PSYoungGen      total 5120K, used 4791K [0x00000000eab00000, 0x00000000eb100000, 0x0000000100000000)
  eden space 4608K, 99% used [0x00000000eab00000,0x00000000eaf7df78,0x00000000eaf80000)
  from space 512K, 37% used [0x00000000eb080000,0x00000000eb0b0000,0x00000000eb100000)
  to   space 512K, 0% used [0x00000000eb000000,0x00000000eb000000,0x00000000eb080000)
 ParOldGen       total 523776K, used 523640K [0x00000000c0000000, 0x00000000dff80000, 0x00000000eab00000)
  object space 523776K, 99% used [0x00000000c0000000,0x00000000dff5e1a0,0x00000000dff80000)
 Metaspace       used 94507K, committed 96128K, reserved 1179648K
  class space    used 9443K, committed 10176K, reserved 1048576K
}
Event: 5757.960 GC heap after
{Heap after GC invocations=2254 (full 6):
 PSYoungGen      total 5120K, used 392K [0x00000000eab00000, 0x00000000eb100000, 0x0000000100000000)
  eden space 4608K, 0% used [0x00000000eab00000,0x00000000eab00000,0x00000000eaf80000)
  from space 512K, 76% used [0x00000000eb000000,0x00000000eb062300,0x00000000eb080000)
  to   space 512K, 0% used [0x00000000eb080000,0x00000000eb080000,0x00000000eb100000)
 ParOldGen       total 523776K, used 523744K [0x00000000c0000000, 0x00000000dff80000, 0x00000000eab00000)
  object space 523776K, 99% used [0x00000000c0000000,0x00000000dff781a0,0x00000000dff80000)
 Metaspace       used 94507K, committed 96128K, reserved 1179648K
  class space    used 9443K, committed 10176K, reserved 1048576K
}
Event: 5758.072 GC heap before
{Heap before GC invocations=2255 (full 6):
 PSYoungGen      total 5120K, used 5000K [0x00000000eab00000, 0x00000000eb100000, 0x0000000100000000)
  eden space 4608K, 99% used [0x00000000eab00000,0x00000000eaf7fff8,0x00000000eaf80000)
  from space 512K, 76% used [0x00000000eb000000,0x00000000eb062300,0x00000000eb080000)
  to   space 512K, 0% used [0x00000000eb080000,0x00000000eb080000,0x00000000eb100000)
 ParOldGen       total 523776K, used 523744K [0x00000000c0000000, 0x00000000dff80000, 0x00000000eab00000)
  object space 523776K, 99% used [0x00000000c0000000,0x00000000dff781a0,0x00000000dff80000)
 Metaspace       used 94509K, committed 96128K, reserved 1179648K
  class space    used 9443K, committed 10176K, reserved 1048576K
}
Event: 5758.077 GC heap after
{Heap after GC invocations=2255 (full 6):
 PSYoungGen      total 5120K, used 379K [0x00000000eab00000, 0x00000000eb100000, 0x0000000100000000)
  eden space 4608K, 0% used [0x00000000eab00000,0x00000000eab00000,0x00000000eaf80000)
  from space 512K, 74% used [0x00000000eb080000,0x00000000eb0deca0,0x00000000eb100000)
  to   space 512K, 0% used [0x00000000eb000000,0x00000000eb000000,0x00000000eb080000)
 ParOldGen       total 524288K, used 523880K [0x00000000c0000000, 0x00000000e0000000, 0x00000000eab00000)
  object space 524288K, 99% used [0x00000000c0000000,0x00000000dff9a1a0,0x00000000e0000000)
 Metaspace       used 94509K, committed 96128K, reserved 1179648K
  class space    used 9443K, committed 10176K, reserved 1048576K
}
Event: 5758.106 GC heap before
{Heap before GC invocations=2256 (full 6):
 PSYoungGen      total 5120K, used 4987K [0x00000000eab00000, 0x00000000eb100000, 0x0000000100000000)
  eden space 4608K, 100% used [0x00000000eab00000,0x00000000eaf80000,0x00000000eaf80000)
  from space 512K, 74% used [0x00000000eb080000,0x00000000eb0deca0,0x00000000eb100000)
  to   space 512K, 0% used [0x00000000eb000000,0x00000000eb000000,0x00000000eb080000)
 ParOldGen       total 524288K, used 523880K [0x00000000c0000000, 0x00000000e0000000, 0x00000000eab00000)
  object space 524288K, 99% used [0x00000000c0000000,0x00000000dff9a1a0,0x00000000e0000000)
 Metaspace       used 94509K, committed 96128K, reserved 1179648K
  class space    used 9443K, committed 10176K, reserved 1048576K
}
Event: 5758.112 GC heap after
{Heap after GC invocations=2256 (full 6):
 PSYoungGen      total 5120K, used 128K [0x00000000eab00000, 0x00000000eb100000, 0x0000000100000000)
  eden space 4608K, 0% used [0x00000000eab00000,0x00000000eab00000,0x00000000eaf80000)
  from space 512K, 25% used [0x00000000eb000000,0x00000000eb020000,0x00000000eb080000)
  to   space 512K, 0% used [0x00000000eb080000,0x00000000eb080000,0x00000000eb100000)
 ParOldGen       total 524288K, used 524115K [0x00000000c0000000, 0x00000000e0000000, 0x00000000eab00000)
  object space 524288K, 99% used [0x00000000c0000000,0x00000000dffd4da8,0x00000000e0000000)
 Metaspace       used 94509K, committed 96128K, reserved 1179648K
  class space    used 9443K, committed 10176K, reserved 1048576K
}
Event: 5758.139 GC heap before
{Heap before GC invocations=2257 (full 6):
 PSYoungGen      total 5120K, used 4736K [0x00000000eab00000, 0x00000000eb100000, 0x0000000100000000)
  eden space 4608K, 100% used [0x00000000eab00000,0x00000000eaf80000,0x00000000eaf80000)
  from space 512K, 25% used [0x00000000eb000000,0x00000000eb020000,0x00000000eb080000)
  to   space 512K, 0% used [0x00000000eb080000,0x00000000eb080000,0x00000000eb100000)
 ParOldGen       total 524288K, used 524115K [0x00000000c0000000, 0x00000000e0000000, 0x00000000eab00000)
  object space 524288K, 99% used [0x00000000c0000000,0x00000000dffd4da8,0x00000000e0000000)
 Metaspace       used 94510K, committed 96128K, reserved 1179648K
  class space    used 9443K, committed 10176K, reserved 1048576K
}
Event: 5758.144 GC heap after
{Heap after GC invocations=2257 (full 6):
 PSYoungGen      total 5120K, used 419K [0x00000000eab00000, 0x00000000eb100000, 0x0000000100000000)
  eden space 4608K, 0% used [0x00000000eab00000,0x00000000eab00000,0x00000000eaf80000)
  from space 512K, 81% used [0x00000000eb080000,0x00000000eb0e8df8,0x00000000eb100000)
  to   space 512K, 0% used [0x00000000eb000000,0x00000000eb000000,0x00000000eb080000)
 ParOldGen       total 524288K, used 524155K [0x00000000c0000000, 0x00000000e0000000, 0x00000000eab00000)
  object space 524288K, 99% used [0x00000000c0000000,0x00000000dffdeda8,0x00000000e0000000)
 Metaspace       used 94510K, committed 96128K, reserved 1179648K
  class space    used 9443K, committed 10176K, reserved 1048576K
}
Event: 5758.268 GC heap before
{Heap before GC invocations=2258 (full 6):
 PSYoungGen      total 5120K, used 5027K [0x00000000eab00000, 0x00000000eb100000, 0x0000000100000000)
  eden space 4608K, 100% used [0x00000000eab00000,0x00000000eaf80000,0x00000000eaf80000)
  from space 512K, 81% used [0x00000000eb080000,0x00000000eb0e8df8,0x00000000eb100000)
  to   space 512K, 0% used [0x00000000eb000000,0x00000000eb000000,0x00000000eb080000)
 ParOldGen       total 524288K, used 524155K [0x00000000c0000000, 0x00000000e0000000, 0x00000000eab00000)
  object space 524288K, 99% used [0x00000000c0000000,0x00000000dffdeda8,0x00000000e0000000)
 Metaspace       used 94529K, committed 96192K, reserved 1179648K
  class space    used 9443K, committed 10176K, reserved 1048576K
}
Event: 5758.273 GC heap after
{Heap after GC invocations=2258 (full 6):
 PSYoungGen      total 5120K, used 472K [0x00000000eab00000, 0x00000000eb100000, 0x0000000100000000)
  eden space 4608K, 0% used [0x00000000eab00000,0x00000000eab00000,0x00000000eaf80000)
  from space 512K, 92% used [0x00000000eb000000,0x00000000eb076238,0x00000000eb080000)
  to   space 512K, 0% used [0x00000000eb080000,0x00000000eb080000,0x00000000eb100000)
 ParOldGen       total 524800K, used 524387K [0x00000000c0000000, 0x00000000e0080000, 0x00000000eab00000)
  object space 524800K, 99% used [0x00000000c0000000,0x00000000e0018da8,0x00000000e0080000)
 Metaspace       used 94529K, committed 96192K, reserved 1179648K
  class space    used 9443K, committed 10176K, reserved 1048576K
}
Event: 5758.326 GC heap before
{Heap before GC invocations=2259 (full 6):
 PSYoungGen      total 5120K, used 5080K [0x00000000eab00000, 0x00000000eb100000, 0x0000000100000000)
  eden space 4608K, 100% used [0x00000000eab00000,0x00000000eaf80000,0x00000000eaf80000)
  from space 512K, 92% used [0x00000000eb000000,0x00000000eb076238,0x00000000eb080000)
  to   space 512K, 0% used [0x00000000eb080000,0x00000000eb080000,0x00000000eb100000)
 ParOldGen       total 524800K, used 524387K [0x00000000c0000000, 0x00000000e0080000, 0x00000000eab00000)
  object space 524800K, 99% used [0x00000000c0000000,0x00000000e0018da8,0x00000000e0080000)
 Metaspace       used 94531K, committed 96192K, reserved 1179648K
  class space    used 9443K, committed 10176K, reserved 1048576K
}
Event: 5758.331 GC heap after
{Heap after GC invocations=2259 (full 6):
 PSYoungGen      total 5120K, used 453K [0x00000000eab00000, 0x00000000eb100000, 0x0000000100000000)
  eden space 4608K, 0% used [0x00000000eab00000,0x00000000eab00000,0x00000000eaf80000)
  from space 512K, 88% used [0x00000000eb080000,0x00000000eb0f1548,0x00000000eb100000)
  to   space 512K, 0% used [0x00000000eb000000,0x00000000eb000000,0x00000000eb080000)
 ParOldGen       total 524800K, used 524705K [0x00000000c0000000, 0x00000000e0080000, 0x00000000eab00000)
  object space 524800K, 99% used [0x00000000c0000000,0x00000000e00685b0,0x00000000e0080000)
 Metaspace       used 94531K, committed 96192K, reserved 1179648K
  class space    used 9443K, committed 10176K, reserved 1048576K
}
Event: 5758.362 GC heap before
{Heap before GC invocations=2260 (full 6):
 PSYoungGen      total 5120K, used 5061K [0x00000000eab00000, 0x00000000eb100000, 0x0000000100000000)
  eden space 4608K, 100% used [0x00000000eab00000,0x00000000eaf80000,0x00000000eaf80000)
  from space 512K, 88% used [0x00000000eb080000,0x00000000eb0f1548,0x00000000eb100000)
  to   space 512K, 0% used [0x00000000eb000000,0x00000000eb000000,0x00000000eb080000)
 ParOldGen       total 524800K, used 524705K [0x00000000c0000000, 0x00000000e0080000, 0x00000000eab00000)
  object space 524800K, 99% used [0x00000000c0000000,0x00000000e00685b0,0x00000000e0080000)
 Metaspace       used 94531K, committed 96192K, reserved 1179648K
  class space    used 9443K, committed 10176K, reserved 1048576K
}
Event: 5758.369 GC heap after
{Heap after GC invocations=2260 (full 6):
 PSYoungGen      total 5120K, used 286K [0x00000000eab00000, 0x00000000eb100000, 0x0000000100000000)
  eden space 4608K, 0% used [0x00000000eab00000,0x00000000eab00000,0x00000000eaf80000)
  from space 512K, 55% used [0x00000000eb000000,0x00000000eb0479b0,0x00000000eb080000)
  to   space 512K, 0% used [0x00000000eb080000,0x00000000eb080000,0x00000000eb100000)
 ParOldGen       total 525312K, used 524945K [0x00000000c0000000, 0x00000000e0100000, 0x00000000eab00000)
  object space 525312K, 99% used [0x00000000c0000000,0x00000000e00a45b0,0x00000000e0100000)
 Metaspace       used 94531K, committed 96192K, reserved 1179648K
  class space    used 9443K, committed 10176K, reserved 1048576K
}
Event: 5758.459 GC heap before
{Heap before GC invocations=2261 (full 6):
 PSYoungGen      total 5120K, used 4894K [0x00000000eab00000, 0x00000000eb100000, 0x0000000100000000)
  eden space 4608K, 100% used [0x00000000eab00000,0x00000000eaf80000,0x00000000eaf80000)
  from space 512K, 55% used [0x00000000eb000000,0x00000000eb0479b0,0x00000000eb080000)
  to   space 512K, 0% used [0x00000000eb080000,0x00000000eb080000,0x00000000eb100000)
 ParOldGen       total 525312K, used 524945K [0x00000000c0000000, 0x00000000e0100000, 0x00000000eab00000)
  object space 525312K, 99% used [0x00000000c0000000,0x00000000e00a45b0,0x00000000e0100000)
 Metaspace       used 94531K, committed 96192K, reserved 1179648K
  class space    used 9443K, committed 10176K, reserved 1048576K
}
Event: 5758.467 GC heap after
{Heap after GC invocations=2261 (full 6):
 PSYoungGen      total 5120K, used 288K [0x00000000eab00000, 0x00000000eb100000, 0x0000000100000000)
  eden space 4608K, 0% used [0x00000000eab00000,0x00000000eab00000,0x00000000eaf80000)
  from space 512K, 56% used [0x00000000eb080000,0x00000000eb0c8000,0x00000000eb100000)
  to   space 512K, 0% used [0x00000000eb000000,0x00000000eb000000,0x00000000eb080000)
 ParOldGen       total 525312K, used 525144K [0x00000000c0000000, 0x00000000e0100000, 0x00000000eab00000)
  object space 525312K, 99% used [0x00000000c0000000,0x00000000e00d6250,0x00000000e0100000)
 Metaspace       used 94531K, committed 96192K, reserved 1179648K
  class space    used 9443K, committed 10176K, reserved 1048576K
}
Event: 5758.520 GC heap before
{Heap before GC invocations=2262 (full 6):
 PSYoungGen      total 5120K, used 4896K [0x00000000eab00000, 0x00000000eb100000, 0x0000000100000000)
  eden space 4608K, 100% used [0x00000000eab00000,0x00000000eaf80000,0x00000000eaf80000)
  from space 512K, 56% used [0x00000000eb080000,0x00000000eb0c8000,0x00000000eb100000)
  to   space 512K, 0% used [0x00000000eb000000,0x00000000eb000000,0x00000000eb080000)
 ParOldGen       total 525312K, used 525144K [0x00000000c0000000, 0x00000000e0100000, 0x00000000eab00000)
  object space 525312K, 99% used [0x00000000c0000000,0x00000000e00d6250,0x00000000e0100000)
 Metaspace       used 94536K, committed 96192K, reserved 1179648K
  class space    used 9443K, committed 10176K, reserved 1048576K
}
Event: 5758.526 GC heap after
{Heap after GC invocations=2262 (full 6):
 PSYoungGen      total 5120K, used 351K [0x00000000eab00000, 0x00000000eb100000, 0x0000000100000000)
  eden space 4608K, 0% used [0x00000000eab00000,0x00000000eab00000,0x00000000eaf80000)
  from space 512K, 68% used [0x00000000eb000000,0x00000000eb057cc8,0x00000000eb080000)
  to   space 512K, 0% used [0x00000000eb080000,0x00000000eb080000,0x00000000eb100000)
 ParOldGen       total 525824K, used 525368K [0x00000000c0000000, 0x00000000e0180000, 0x00000000eab00000)
  object space 525824K, 99% used [0x00000000c0000000,0x00000000e010e250,0x00000000e0180000)
 Metaspace       used 94536K, committed 96192K, reserved 1179648K
  class space    used 9443K, committed 10176K, reserved 1048576K
}
Event: 5758.561 GC heap before
{Heap before GC invocations=2263 (full 6):
 PSYoungGen      total 5120K, used 4959K [0x00000000eab00000, 0x00000000eb100000, 0x0000000100000000)
  eden space 4608K, 100% used [0x00000000eab00000,0x00000000eaf80000,0x00000000eaf80000)
  from space 512K, 68% used [0x00000000eb000000,0x00000000eb057cc8,0x00000000eb080000)
  to   space 512K, 0% used [0x00000000eb080000,0x00000000eb080000,0x00000000eb100000)
 ParOldGen       total 525824K, used 525368K [0x00000000c0000000, 0x00000000e0180000, 0x00000000eab00000)
  object space 525824K, 99% used [0x00000000c0000000,0x00000000e010e250,0x00000000e0180000)
 Metaspace       used 94546K, committed 96192K, reserved 1179648K
  class space    used 9443K, committed 10176K, reserved 1048576K
}
Event: 5758.570 GC heap after
{Heap after GC invocations=2263 (full 6):
 PSYoungGen      total 5120K, used 224K [0x00000000eab00000, 0x00000000eb100000, 0x0000000100000000)
  eden space 4608K, 0% used [0x00000000eab00000,0x00000000eab00000,0x00000000eaf80000)
  from space 512K, 43% used [0x00000000eb080000,0x00000000eb0b8000,0x00000000eb100000)
  to   space 512K, 0% used [0x00000000eb000000,0x00000000eb000000,0x00000000eb080000)
 ParOldGen       total 525824K, used 525651K [0x00000000c0000000, 0x00000000e0180000, 0x00000000eab00000)
  object space 525824K, 99% used [0x00000000c0000000,0x00000000e0154fc8,0x00000000e0180000)
 Metaspace       used 94546K, committed 96192K, reserved 1179648K
  class space    used 9443K, committed 10176K, reserved 1048576K
}

