# JRE version: Java(TM) SE Runtime Environment (21.0.5+9) (build 21.0.5+9-LTS-239)
# Java VM: Java HotSpot(TM) 64-Bit Server VM (21.0.5+9-LTS-239, mixed mode, sharing, tiered, compressed oops, compressed class ptrs, g1 gc, windows-amd64)
GC Precious Log:
 CardTable entry size: 512
 Card Set container configuration: InlinePtr #cards 5 size 8 Array Of Cards #cards 12 size 40 Howl #buckets 4 coarsen threshold 1843 Howl Bitmap #cards 512 size 80 coarsen threshold 460 Card regions per heap region 1 cards per card region 2048
 CPUs: 4 total, 4 available
 Memory: 3520M
 Large Page Support: Disabled
 NUMA Support: Disabled
 Compressed Oops: Enabled (32-bit)
 Heap Region Size: 1M
 Heap Min Capacity: 8M
 Heap Initial Capacity: 56M
 Heap Max Capacity: 882M
 Pre-touch: Disabled
 Parallel Workers: 4
 Concurrent Workers: 1
 Concurrent Refinement Workers: 4
 Periodic GC: Disabled
Heap:
 garbage-first heap   total 63488K, used 51729K [0x00000000c8e00000, 0x0000000100000000)
  region size 1024K, 20 young (20480K), 3 survivors (3072K)
 Metaspace       used 79396K, committed 80256K, reserved 1179648K
  class space    used 10509K, committed 10880K, reserved 1048576K
GC Heap History (20 events):
Event: 20.344 GC heap before
{Heap before GC invocations=14 (full 0):
 garbage-first heap   total 57344K, used 27815K [0x00000000c8e00000, 0x0000000100000000)
  region size 1024K, 3 young (3072K), 2 survivors (2048K)
 Metaspace       used 59617K, committed 60160K, reserved 1114112K
  class space    used 7816K, committed 8064K, reserved 1048576K
}
Event: 20.349 GC heap after
{Heap after GC invocations=15 (full 0):
 garbage-first heap   total 57344K, used 27727K [0x00000000c8e00000, 0x0000000100000000)
  region size 1024K, 2 young (2048K), 2 survivors (2048K)
 Metaspace       used 59617K, committed 60160K, reserved 1114112K
  class space    used 7816K, committed 8064K, reserved 1048576K
}
Event: 21.992 GC heap before
{Heap before GC invocations=16 (full 0):
 garbage-first heap   total 57344K, used 49231K [0x00000000c8e00000, 0x0000000100000000)
  region size 1024K, 24 young (24576K), 2 survivors (2048K)
 Metaspace       used 64406K, committed 65024K, reserved 1114112K
  class space    used 8563K, committed 8832K, reserved 1048576K
}
Event: 21.998 GC heap after
{Heap after GC invocations=17 (full 0):
 garbage-first heap   total 57344K, used 28672K [0x00000000c8e00000, 0x0000000100000000)
  region size 1024K, 2 young (2048K), 2 survivors (2048K)
 Metaspace       used 64406K, committed 65024K, reserved 1114112K
  class space    used 8563K, committed 8832K, reserved 1048576K
}
Event: 24.405 GC heap before
{Heap before GC invocations=17 (full 0):
 garbage-first heap   total 57344K, used 51200K [0x00000000c8e00000, 0x0000000100000000)
  region size 1024K, 24 young (24576K), 2 survivors (2048K)
 Metaspace       used 68700K, committed 69376K, reserved 1114112K
  class space    used 9103K, committed 9408K, reserved 1048576K
}
Event: 24.417 GC heap after
{Heap after GC invocations=18 (full 0):
 garbage-first heap   total 57344K, used 30525K [0x00000000c8e00000, 0x0000000100000000)
  region size 1024K, 3 young (3072K), 3 survivors (3072K)
 Metaspace       used 68700K, committed 69376K, reserved 1114112K
  class space    used 9103K, committed 9408K, reserved 1048576K
}
Event: 25.494 GC heap before
{Heap before GC invocations=18 (full 0):
 garbage-first heap   total 57344K, used 49981K [0x00000000c8e00000, 0x0000000100000000)
  region size 1024K, 22 young (22528K), 3 survivors (3072K)
 Metaspace       used 70989K, committed 71680K, reserved 1114112K
  class space    used 9427K, committed 9728K, reserved 1048576K
}
Event: 25.507 GC heap after
{Heap after GC invocations=19 (full 0):
 garbage-first heap   total 57344K, used 32261K [0x00000000c8e00000, 0x0000000100000000)
  region size 1024K, 2 young (2048K), 2 survivors (2048K)
 Metaspace       used 70989K, committed 71680K, reserved 1114112K
  class space    used 9427K, committed 9728K, reserved 1048576K
}
Event: 27.009 GC heap before
{Heap before GC invocations=20 (full 0):
 garbage-first heap   total 57344K, used 50693K [0x00000000c8e00000, 0x0000000100000000)
  region size 1024K, 20 young (20480K), 2 survivors (2048K)
 Metaspace       used 73053K, committed 73728K, reserved 1114112K
  class space    used 9751K, committed 10048K, reserved 1048576K
}
Event: 27.019 GC heap after
{Heap after GC invocations=21 (full 0):
 garbage-first heap   total 57344K, used 34413K [0x00000000c8e00000, 0x0000000100000000)
  region size 1024K, 3 young (3072K), 3 survivors (3072K)
 Metaspace       used 73053K, committed 73728K, reserved 1114112K
  class space    used 9751K, committed 10048K, reserved 1048576K
}
Event: 28.265 GC heap before
{Heap before GC invocations=21 (full 0):
 garbage-first heap   total 57344K, used 48749K [0x00000000c8e00000, 0x0000000100000000)
  region size 1024K, 18 young (18432K), 3 survivors (3072K)
 Metaspace       used 75688K, committed 76480K, reserved 1179648K
  class space    used 10062K, committed 10432K, reserved 1048576K
}
Event: 28.277 GC heap after
{Heap after GC invocations=22 (full 0):
 garbage-first heap   total 57344K, used 36395K [0x00000000c8e00000, 0x0000000100000000)
  region size 1024K, 2 young (2048K), 2 survivors (2048K)
 Metaspace       used 75688K, committed 76480K, reserved 1179648K
  class space    used 10062K, committed 10432K, reserved 1048576K
}
Event: 68.915 GC heap before
{Heap before GC invocations=22 (full 0):
 garbage-first heap   total 57344K, used 48683K [0x00000000c8e00000, 0x0000000100000000)
  region size 1024K, 16 young (16384K), 2 survivors (2048K)
 Metaspace       used 78204K, committed 79040K, reserved 1179648K
  class space    used 10454K, committed 10816K, reserved 1048576K
}
Event: 69.487 GC heap after
{Heap after GC invocations=23 (full 1):
 garbage-first heap   total 57344K, used 30249K [0x00000000c8e00000, 0x0000000100000000)
  region size 1024K, 0 young (0K), 0 survivors (0K)
 Metaspace       used 78204K, committed 79040K, reserved 1179648K
  class space    used 10454K, committed 10816K, reserved 1048576K
}
Event: 71.911 GC heap before
{Heap before GC invocations=23 (full 1):
 garbage-first heap   total 57344K, used 48681K [0x00000000c8e00000, 0x0000000100000000)
  region size 1024K, 19 young (19456K), 0 survivors (0K)
 Metaspace       used 78363K, committed 79232K, reserved 1179648K
  class space    used 10470K, committed 10880K, reserved 1048576K
}
Event: 71.922 GC heap after
{Heap after GC invocations=24 (full 1):
 garbage-first heap   total 57344K, used 33209K [0x00000000c8e00000, 0x0000000100000000)
  region size 1024K, 3 young (3072K), 3 survivors (3072K)
 Metaspace       used 78363K, committed 79232K, reserved 1179648K
  class space    used 10470K, committed 10880K, reserved 1048576K
}
Event: 75.147 GC heap before
{Heap before GC invocations=25 (full 1):
 garbage-first heap   total 63488K, used 48569K [0x00000000c8e00000, 0x0000000100000000)
  region size 1024K, 18 young (18432K), 3 survivors (3072K)
 Metaspace       used 78615K, committed 79488K, reserved 1179648K
  class space    used 10480K, committed 10880K, reserved 1048576K
}
Event: 75.163 GC heap after
{Heap after GC invocations=26 (full 1):
 garbage-first heap   total 63488K, used 33783K [0x00000000c8e00000, 0x0000000100000000)
  region size 1024K, 2 young (2048K), 2 survivors (2048K)
 Metaspace       used 78615K, committed 79488K, reserved 1179648K
  class space    used 10480K, committed 10880K, reserved 1048576K
}
Event: 78.030 GC heap before
{Heap before GC invocations=26 (full 1):
 garbage-first heap   total 63488K, used 54263K [0x00000000c8e00000, 0x0000000100000000)
  region size 1024K, 23 young (23552K), 2 survivors (2048K)
 Metaspace       used 78884K, committed 79680K, reserved 1179648K
  class space    used 10487K, committed 10880K, reserved 1048576K
}
Event: 78.037 GC heap after
{Heap after GC invocations=27 (full 1):
 garbage-first heap   total 63488K, used 35345K [0x00000000c8e00000, 0x0000000100000000)
  region size 1024K, 3 young (3072K), 3 survivors (3072K)
 Metaspace       used 78884K, committed 79680K, reserved 1179648K
  class space    used 10487K, committed 10880K, reserved 1048576K
}

